C:\Projects\ATH\HighestPayingCompanies\HighestPayingCompanies\app\app.component.js
C:\Projects\ATH\HighestPayingCompanies\HighestPayingCompanies\app\app.component.js.map
C:\Projects\ATH\HighestPayingCompanies\HighestPayingCompanies\app\components\home.component.js
C:\Projects\ATH\HighestPayingCompanies\HighestPayingCompanies\app\components\home.component.js.map
C:\Projects\ATH\HighestPayingCompanies\HighestPayingCompanies\app\app.routing.js
C:\Projects\ATH\HighestPayingCompanies\HighestPayingCompanies\app\app.routing.js.map
C:\Projects\ATH\HighestPayingCompanies\HighestPayingCompanies\app\app.module.js
C:\Projects\ATH\HighestPayingCompanies\HighestPayingCompanies\app\app.module.js.map
C:\Projects\ATH\HighestPayingCompanies\HighestPayingCompanies\app\main.js
C:\Projects\ATH\HighestPayingCompanies\HighestPayingCompanies\app\main.js.map
C:\Projects\ATH\HighestPayingCompanies\HighestPayingCompanies\app\app.component.js
C:\Projects\ATH\HighestPayingCompanies\HighestPayingCompanies\app\app.component.js.map
C:\Projects\ATH\HighestPayingCompanies\HighestPayingCompanies\app\components\home.component.js
C:\Projects\ATH\HighestPayingCompanies\HighestPayingCompanies\app\components\home.component.js.map
C:\Projects\ATH\HighestPayingCompanies\HighestPayingCompanies\app\app.routing.js
C:\Projects\ATH\HighestPayingCompanies\HighestPayingCompanies\app\app.routing.js.map
C:\Projects\ATH\HighestPayingCompanies\HighestPayingCompanies\app\app.module.js
C:\Projects\ATH\HighestPayingCompanies\HighestPayingCompanies\app\app.module.js.map
C:\Projects\ATH\HighestPayingCompanies\HighestPayingCompanies\app\main.js
C:\Projects\ATH\HighestPayingCompanies\HighestPayingCompanies\app\main.js.map
C:\Projects\ATH\HighestPayingCompanies\HighestPayingCompanies\app\app.component.js
C:\Projects\ATH\HighestPayingCompanies\HighestPayingCompanies\app\app.component.js.map
C:\Projects\ATH\HighestPayingCompanies\HighestPayingCompanies\app\components\home.component.js
C:\Projects\ATH\HighestPayingCompanies\HighestPayingCompanies\app\components\home.component.js.map
C:\Projects\ATH\HighestPayingCompanies\HighestPayingCompanies\app\app.routing.js
C:\Projects\ATH\HighestPayingCompanies\HighestPayingCompanies\app\app.routing.js.map
C:\Projects\ATH\HighestPayingCompanies\HighestPayingCompanies\app\app.module.js
C:\Projects\ATH\HighestPayingCompanies\HighestPayingCompanies\app\app.module.js.map
C:\Projects\ATH\HighestPayingCompanies\HighestPayingCompanies\app\main.js
C:\Projects\ATH\HighestPayingCompanies\HighestPayingCompanies\app\main.js.map
C:\Projects\ATH\HighestPayingCompanies\HighestPayingCompanies\app\app.component.js
C:\Projects\ATH\HighestPayingCompanies\HighestPayingCompanies\app\app.component.js.map
C:\Projects\ATH\HighestPayingCompanies\HighestPayingCompanies\app\components\home.component.js
C:\Projects\ATH\HighestPayingCompanies\HighestPayingCompanies\app\components\home.component.js.map
C:\Projects\ATH\HighestPayingCompanies\HighestPayingCompanies\app\app.routing.js
C:\Projects\ATH\HighestPayingCompanies\HighestPayingCompanies\app\app.routing.js.map
C:\Projects\ATH\HighestPayingCompanies\HighestPayingCompanies\app\app.module.js
C:\Projects\ATH\HighestPayingCompanies\HighestPayingCompanies\app\app.module.js.map
C:\Projects\ATH\HighestPayingCompanies\HighestPayingCompanies\app\main.js
C:\Projects\ATH\HighestPayingCompanies\HighestPayingCompanies\app\main.js.map
C:\Projects\ATH\HighestPayingCompanies\HighestPayingCompanies\app\app.component.js
C:\Projects\ATH\HighestPayingCompanies\HighestPayingCompanies\app\app.component.js.map
C:\Projects\ATH\HighestPayingCompanies\HighestPayingCompanies\app\components\home.component.js
C:\Projects\ATH\HighestPayingCompanies\HighestPayingCompanies\app\components\home.component.js.map
C:\Projects\ATH\HighestPayingCompanies\HighestPayingCompanies\app\app.routing.js
C:\Projects\ATH\HighestPayingCompanies\HighestPayingCompanies\app\app.routing.js.map
C:\Projects\ATH\HighestPayingCompanies\HighestPayingCompanies\app\app.module.js
C:\Projects\ATH\HighestPayingCompanies\HighestPayingCompanies\app\app.module.js.map
C:\Projects\ATH\HighestPayingCompanies\HighestPayingCompanies\app\main.js
C:\Projects\ATH\HighestPayingCompanies\HighestPayingCompanies\app\main.js.map
C:\Projects\ATH\HighestPayingCompanies\HighestPayingCompanies\app\app.component.js
C:\Projects\ATH\HighestPayingCompanies\HighestPayingCompanies\app\app.component.js.map
C:\Projects\ATH\HighestPayingCompanies\HighestPayingCompanies\app\components\home.component.js
C:\Projects\ATH\HighestPayingCompanies\HighestPayingCompanies\app\components\home.component.js.map
C:\Projects\ATH\HighestPayingCompanies\HighestPayingCompanies\app\app.routing.js
C:\Projects\ATH\HighestPayingCompanies\HighestPayingCompanies\app\app.routing.js.map
C:\Projects\ATH\HighestPayingCompanies\HighestPayingCompanies\app\app.module.js
C:\Projects\ATH\HighestPayingCompanies\HighestPayingCompanies\app\app.module.js.map
C:\Projects\ATH\HighestPayingCompanies\HighestPayingCompanies\app\main.js
C:\Projects\ATH\HighestPayingCompanies\HighestPayingCompanies\app\main.js.map
C:\Projects\ATH\HighestPayingCompanies\HighestPayingCompanies\app\app.component.js
C:\Projects\ATH\HighestPayingCompanies\HighestPayingCompanies\app\app.component.js.map
C:\Projects\ATH\HighestPayingCompanies\HighestPayingCompanies\app\components\home.component.js
C:\Projects\ATH\HighestPayingCompanies\HighestPayingCompanies\app\components\home.component.js.map
C:\Projects\ATH\HighestPayingCompanies\HighestPayingCompanies\app\Services\company.service.js
C:\Projects\ATH\HighestPayingCompanies\HighestPayingCompanies\app\Services\company.service.js.map
C:\Projects\ATH\HighestPayingCompanies\HighestPayingCompanies\app\Models\company.js
C:\Projects\ATH\HighestPayingCompanies\HighestPayingCompanies\app\Models\company.js.map
C:\Projects\ATH\HighestPayingCompanies\HighestPayingCompanies\app\Shared\enum.js
C:\Projects\ATH\HighestPayingCompanies\HighestPayingCompanies\app\Shared\enum.js.map
C:\Projects\ATH\HighestPayingCompanies\HighestPayingCompanies\app\Shared\global.js
C:\Projects\ATH\HighestPayingCompanies\HighestPayingCompanies\app\Shared\global.js.map
C:\Projects\ATH\HighestPayingCompanies\HighestPayingCompanies\app\components\company.component.js
C:\Projects\ATH\HighestPayingCompanies\HighestPayingCompanies\app\components\company.component.js.map
C:\Projects\ATH\HighestPayingCompanies\HighestPayingCompanies\app\app.routing.js
C:\Projects\ATH\HighestPayingCompanies\HighestPayingCompanies\app\app.routing.js.map
C:\Projects\ATH\HighestPayingCompanies\HighestPayingCompanies\app\app.module.js
C:\Projects\ATH\HighestPayingCompanies\HighestPayingCompanies\app\app.module.js.map
C:\Projects\ATH\HighestPayingCompanies\HighestPayingCompanies\app\main.js
C:\Projects\ATH\HighestPayingCompanies\HighestPayingCompanies\app\main.js.map
C:\Projects\ATH\HighestPayingCompanies\HighestPayingCompanies\app\Models\employee.js
C:\Projects\ATH\HighestPayingCompanies\HighestPayingCompanies\app\Models\employee.js.map
C:\Projects\ATH\HighestPayingCompanies\HighestPayingCompanies\app\app.component.js
C:\Projects\ATH\HighestPayingCompanies\HighestPayingCompanies\app\app.component.js.map
C:\Projects\ATH\HighestPayingCompanies\HighestPayingCompanies\app\components\home.component.js
C:\Projects\ATH\HighestPayingCompanies\HighestPayingCompanies\app\components\home.component.js.map
C:\Projects\ATH\HighestPayingCompanies\HighestPayingCompanies\app\Services\company.service.js
C:\Projects\ATH\HighestPayingCompanies\HighestPayingCompanies\app\Services\company.service.js.map
C:\Projects\ATH\HighestPayingCompanies\HighestPayingCompanies\app\Models\company.js
C:\Projects\ATH\HighestPayingCompanies\HighestPayingCompanies\app\Models\company.js.map
C:\Projects\ATH\HighestPayingCompanies\HighestPayingCompanies\app\Shared\enum.js
C:\Projects\ATH\HighestPayingCompanies\HighestPayingCompanies\app\Shared\enum.js.map
C:\Projects\ATH\HighestPayingCompanies\HighestPayingCompanies\app\Shared\global.js
C:\Projects\ATH\HighestPayingCompanies\HighestPayingCompanies\app\Shared\global.js.map
C:\Projects\ATH\HighestPayingCompanies\HighestPayingCompanies\app\components\company.component.js
C:\Projects\ATH\HighestPayingCompanies\HighestPayingCompanies\app\components\company.component.js.map
C:\Projects\ATH\HighestPayingCompanies\HighestPayingCompanies\app\app.routing.js
C:\Projects\ATH\HighestPayingCompanies\HighestPayingCompanies\app\app.routing.js.map
C:\Projects\ATH\HighestPayingCompanies\HighestPayingCompanies\app\app.module.js
C:\Projects\ATH\HighestPayingCompanies\HighestPayingCompanies\app\app.module.js.map
C:\Projects\ATH\HighestPayingCompanies\HighestPayingCompanies\app\main.js
C:\Projects\ATH\HighestPayingCompanies\HighestPayingCompanies\app\main.js.map
C:\Projects\ATH\HighestPayingCompanies\HighestPayingCompanies\app\Models\employee.js
C:\Projects\ATH\HighestPayingCompanies\HighestPayingCompanies\app\Models\employee.js.map
C:\Projects\ATH\HighestPayingCompanies\HighestPayingCompanies\app\app.component.js
C:\Projects\ATH\HighestPayingCompanies\HighestPayingCompanies\app\app.component.js.map
C:\Projects\ATH\HighestPayingCompanies\HighestPayingCompanies\app\components\home.component.js
C:\Projects\ATH\HighestPayingCompanies\HighestPayingCompanies\app\components\home.component.js.map
C:\Projects\ATH\HighestPayingCompanies\HighestPayingCompanies\app\Services\company.service.js
C:\Projects\ATH\HighestPayingCompanies\HighestPayingCompanies\app\Services\company.service.js.map
C:\Projects\ATH\HighestPayingCompanies\HighestPayingCompanies\app\Models\company.js
C:\Projects\ATH\HighestPayingCompanies\HighestPayingCompanies\app\Models\company.js.map
C:\Projects\ATH\HighestPayingCompanies\HighestPayingCompanies\app\Shared\enum.js
C:\Projects\ATH\HighestPayingCompanies\HighestPayingCompanies\app\Shared\enum.js.map
C:\Projects\ATH\HighestPayingCompanies\HighestPayingCompanies\app\Shared\global.js
C:\Projects\ATH\HighestPayingCompanies\HighestPayingCompanies\app\Shared\global.js.map
C:\Projects\ATH\HighestPayingCompanies\HighestPayingCompanies\app\components\company.component.js
C:\Projects\ATH\HighestPayingCompanies\HighestPayingCompanies\app\components\company.component.js.map
C:\Projects\ATH\HighestPayingCompanies\HighestPayingCompanies\app\app.routing.js
C:\Projects\ATH\HighestPayingCompanies\HighestPayingCompanies\app\app.routing.js.map
C:\Projects\ATH\HighestPayingCompanies\HighestPayingCompanies\app\app.module.js
C:\Projects\ATH\HighestPayingCompanies\HighestPayingCompanies\app\app.module.js.map
C:\Projects\ATH\HighestPayingCompanies\HighestPayingCompanies\app\main.js
C:\Projects\ATH\HighestPayingCompanies\HighestPayingCompanies\app\main.js.map
C:\Projects\ATH\HighestPayingCompanies\HighestPayingCompanies\app\Models\employee.js
C:\Projects\ATH\HighestPayingCompanies\HighestPayingCompanies\app\Models\employee.js.map
C:\Projects\ATH\HighestPayingCompanies\HighestPayingCompanies\app\app.component.js
C:\Projects\ATH\HighestPayingCompanies\HighestPayingCompanies\app\app.component.js.map
C:\Projects\ATH\HighestPayingCompanies\HighestPayingCompanies\app\components\home.component.js
C:\Projects\ATH\HighestPayingCompanies\HighestPayingCompanies\app\components\home.component.js.map
C:\Projects\ATH\HighestPayingCompanies\HighestPayingCompanies\app\Services\company.service.js
C:\Projects\ATH\HighestPayingCompanies\HighestPayingCompanies\app\Services\company.service.js.map
C:\Projects\ATH\HighestPayingCompanies\HighestPayingCompanies\app\Models\company.js
C:\Projects\ATH\HighestPayingCompanies\HighestPayingCompanies\app\Models\company.js.map
C:\Projects\ATH\HighestPayingCompanies\HighestPayingCompanies\app\Shared\enum.js
C:\Projects\ATH\HighestPayingCompanies\HighestPayingCompanies\app\Shared\enum.js.map
C:\Projects\ATH\HighestPayingCompanies\HighestPayingCompanies\app\Shared\global.js
C:\Projects\ATH\HighestPayingCompanies\HighestPayingCompanies\app\Shared\global.js.map
C:\Projects\ATH\HighestPayingCompanies\HighestPayingCompanies\app\components\company.component.js
C:\Projects\ATH\HighestPayingCompanies\HighestPayingCompanies\app\components\company.component.js.map
C:\Projects\ATH\HighestPayingCompanies\HighestPayingCompanies\app\app.routing.js
C:\Projects\ATH\HighestPayingCompanies\HighestPayingCompanies\app\app.routing.js.map
C:\Projects\ATH\HighestPayingCompanies\HighestPayingCompanies\app\app.module.js
C:\Projects\ATH\HighestPayingCompanies\HighestPayingCompanies\app\app.module.js.map
C:\Projects\ATH\HighestPayingCompanies\HighestPayingCompanies\app\main.js
C:\Projects\ATH\HighestPayingCompanies\HighestPayingCompanies\app\main.js.map
C:\Projects\ATH\HighestPayingCompanies\HighestPayingCompanies\app\Models\employee.js
C:\Projects\ATH\HighestPayingCompanies\HighestPayingCompanies\app\Models\employee.js.map
C:\Projects\ATH\HighestPayingCompanies\HighestPayingCompanies\app\app.component.js
C:\Projects\ATH\HighestPayingCompanies\HighestPayingCompanies\app\app.component.js.map
C:\Projects\ATH\HighestPayingCompanies\HighestPayingCompanies\app\components\home.component.js
C:\Projects\ATH\HighestPayingCompanies\HighestPayingCompanies\app\components\home.component.js.map
C:\Projects\ATH\HighestPayingCompanies\HighestPayingCompanies\app\Services\company.service.js
C:\Projects\ATH\HighestPayingCompanies\HighestPayingCompanies\app\Services\company.service.js.map
C:\Projects\ATH\HighestPayingCompanies\HighestPayingCompanies\app\Models\company.js
C:\Projects\ATH\HighestPayingCompanies\HighestPayingCompanies\app\Models\company.js.map
C:\Projects\ATH\HighestPayingCompanies\HighestPayingCompanies\app\Shared\enum.js
C:\Projects\ATH\HighestPayingCompanies\HighestPayingCompanies\app\Shared\enum.js.map
C:\Projects\ATH\HighestPayingCompanies\HighestPayingCompanies\app\Shared\global.js
C:\Projects\ATH\HighestPayingCompanies\HighestPayingCompanies\app\Shared\global.js.map
C:\Projects\ATH\HighestPayingCompanies\HighestPayingCompanies\app\components\company.component.js
C:\Projects\ATH\HighestPayingCompanies\HighestPayingCompanies\app\components\company.component.js.map
C:\Projects\ATH\HighestPayingCompanies\HighestPayingCompanies\app\app.routing.js
C:\Projects\ATH\HighestPayingCompanies\HighestPayingCompanies\app\app.routing.js.map
C:\Projects\ATH\HighestPayingCompanies\HighestPayingCompanies\app\app.module.js
C:\Projects\ATH\HighestPayingCompanies\HighestPayingCompanies\app\app.module.js.map
C:\Projects\ATH\HighestPayingCompanies\HighestPayingCompanies\app\main.js
C:\Projects\ATH\HighestPayingCompanies\HighestPayingCompanies\app\main.js.map
C:\Projects\ATH\HighestPayingCompanies\HighestPayingCompanies\app\Models\employee.js
C:\Projects\ATH\HighestPayingCompanies\HighestPayingCompanies\app\Models\employee.js.map
C:\Projects\ATH\HighestPayingCompanies\HighestPayingCompanies\app\app.component.js
C:\Projects\ATH\HighestPayingCompanies\HighestPayingCompanies\app\app.component.js.map
C:\Projects\ATH\HighestPayingCompanies\HighestPayingCompanies\app\components\home.component.js
C:\Projects\ATH\HighestPayingCompanies\HighestPayingCompanies\app\components\home.component.js.map
C:\Projects\ATH\HighestPayingCompanies\HighestPayingCompanies\app\Services\company.service.js
C:\Projects\ATH\HighestPayingCompanies\HighestPayingCompanies\app\Services\company.service.js.map
C:\Projects\ATH\HighestPayingCompanies\HighestPayingCompanies\app\Models\company.js
C:\Projects\ATH\HighestPayingCompanies\HighestPayingCompanies\app\Models\company.js.map
C:\Projects\ATH\HighestPayingCompanies\HighestPayingCompanies\app\Shared\enum.js
C:\Projects\ATH\HighestPayingCompanies\HighestPayingCompanies\app\Shared\enum.js.map
C:\Projects\ATH\HighestPayingCompanies\HighestPayingCompanies\app\Shared\global.js
C:\Projects\ATH\HighestPayingCompanies\HighestPayingCompanies\app\Shared\global.js.map
C:\Projects\ATH\HighestPayingCompanies\HighestPayingCompanies\app\components\company.component.js
C:\Projects\ATH\HighestPayingCompanies\HighestPayingCompanies\app\components\company.component.js.map
C:\Projects\ATH\HighestPayingCompanies\HighestPayingCompanies\app\app.routing.js
C:\Projects\ATH\HighestPayingCompanies\HighestPayingCompanies\app\app.routing.js.map
C:\Projects\ATH\HighestPayingCompanies\HighestPayingCompanies\app\app.module.js
C:\Projects\ATH\HighestPayingCompanies\HighestPayingCompanies\app\app.module.js.map
C:\Projects\ATH\HighestPayingCompanies\HighestPayingCompanies\app\main.js
C:\Projects\ATH\HighestPayingCompanies\HighestPayingCompanies\app\main.js.map
C:\Projects\ATH\HighestPayingCompanies\HighestPayingCompanies\app\Models\employee.js
C:\Projects\ATH\HighestPayingCompanies\HighestPayingCompanies\app\Models\employee.js.map
C:\Projects\ATH\HighestPayingCompanies\HighestPayingCompanies\app\app.component.js
C:\Projects\ATH\HighestPayingCompanies\HighestPayingCompanies\app\app.component.js.map
C:\Projects\ATH\HighestPayingCompanies\HighestPayingCompanies\app\components\home.component.js
C:\Projects\ATH\HighestPayingCompanies\HighestPayingCompanies\app\components\home.component.js.map
C:\Projects\ATH\HighestPayingCompanies\HighestPayingCompanies\app\Services\company.service.js
C:\Projects\ATH\HighestPayingCompanies\HighestPayingCompanies\app\Services\company.service.js.map
C:\Projects\ATH\HighestPayingCompanies\HighestPayingCompanies\app\Models\company.js
C:\Projects\ATH\HighestPayingCompanies\HighestPayingCompanies\app\Models\company.js.map
C:\Projects\ATH\HighestPayingCompanies\HighestPayingCompanies\app\Shared\enum.js
C:\Projects\ATH\HighestPayingCompanies\HighestPayingCompanies\app\Shared\enum.js.map
C:\Projects\ATH\HighestPayingCompanies\HighestPayingCompanies\app\Shared\global.js
C:\Projects\ATH\HighestPayingCompanies\HighestPayingCompanies\app\Shared\global.js.map
C:\Projects\ATH\HighestPayingCompanies\HighestPayingCompanies\app\components\company.component.js
C:\Projects\ATH\HighestPayingCompanies\HighestPayingCompanies\app\components\company.component.js.map
C:\Projects\ATH\HighestPayingCompanies\HighestPayingCompanies\app\app.routing.js
C:\Projects\ATH\HighestPayingCompanies\HighestPayingCompanies\app\app.routing.js.map
C:\Projects\ATH\HighestPayingCompanies\HighestPayingCompanies\app\app.module.js
C:\Projects\ATH\HighestPayingCompanies\HighestPayingCompanies\app\app.module.js.map
C:\Projects\ATH\HighestPayingCompanies\HighestPayingCompanies\app\main.js
C:\Projects\ATH\HighestPayingCompanies\HighestPayingCompanies\app\main.js.map
C:\Projects\ATH\HighestPayingCompanies\HighestPayingCompanies\app\Models\employee.js
C:\Projects\ATH\HighestPayingCompanies\HighestPayingCompanies\app\Models\employee.js.map
C:\Projects\ATH\HighestPayingCompanies\HighestPayingCompanies\app\app.component.js
C:\Projects\ATH\HighestPayingCompanies\HighestPayingCompanies\app\app.component.js.map
C:\Projects\ATH\HighestPayingCompanies\HighestPayingCompanies\app\components\home.component.js
C:\Projects\ATH\HighestPayingCompanies\HighestPayingCompanies\app\components\home.component.js.map
C:\Projects\ATH\HighestPayingCompanies\HighestPayingCompanies\app\Services\company.service.js
C:\Projects\ATH\HighestPayingCompanies\HighestPayingCompanies\app\Services\company.service.js.map
C:\Projects\ATH\HighestPayingCompanies\HighestPayingCompanies\app\Models\company.js
C:\Projects\ATH\HighestPayingCompanies\HighestPayingCompanies\app\Models\company.js.map
C:\Projects\ATH\HighestPayingCompanies\HighestPayingCompanies\app\Shared\enum.js
C:\Projects\ATH\HighestPayingCompanies\HighestPayingCompanies\app\Shared\enum.js.map
C:\Projects\ATH\HighestPayingCompanies\HighestPayingCompanies\app\Shared\global.js
C:\Projects\ATH\HighestPayingCompanies\HighestPayingCompanies\app\Shared\global.js.map
C:\Projects\ATH\HighestPayingCompanies\HighestPayingCompanies\app\components\company.component.js
C:\Projects\ATH\HighestPayingCompanies\HighestPayingCompanies\app\components\company.component.js.map
C:\Projects\ATH\HighestPayingCompanies\HighestPayingCompanies\app\app.routing.js
C:\Projects\ATH\HighestPayingCompanies\HighestPayingCompanies\app\app.routing.js.map
C:\Projects\ATH\HighestPayingCompanies\HighestPayingCompanies\app\app.module.js
C:\Projects\ATH\HighestPayingCompanies\HighestPayingCompanies\app\app.module.js.map
C:\Projects\ATH\HighestPayingCompanies\HighestPayingCompanies\app\main.js
C:\Projects\ATH\HighestPayingCompanies\HighestPayingCompanies\app\main.js.map
C:\Projects\ATH\HighestPayingCompanies\HighestPayingCompanies\app\Models\employee.js
C:\Projects\ATH\HighestPayingCompanies\HighestPayingCompanies\app\Models\employee.js.map
C:\Projects\ATH\HighestPayingCompanies\HighestPayingCompanies\app\app.component.js
C:\Projects\ATH\HighestPayingCompanies\HighestPayingCompanies\app\app.component.js.map
C:\Projects\ATH\HighestPayingCompanies\HighestPayingCompanies\app\components\home.component.js
C:\Projects\ATH\HighestPayingCompanies\HighestPayingCompanies\app\components\home.component.js.map
C:\Projects\ATH\HighestPayingCompanies\HighestPayingCompanies\app\Services\company.service.js
C:\Projects\ATH\HighestPayingCompanies\HighestPayingCompanies\app\Services\company.service.js.map
C:\Projects\ATH\HighestPayingCompanies\HighestPayingCompanies\app\Models\company.js
C:\Projects\ATH\HighestPayingCompanies\HighestPayingCompanies\app\Models\company.js.map
C:\Projects\ATH\HighestPayingCompanies\HighestPayingCompanies\app\Shared\enum.js
C:\Projects\ATH\HighestPayingCompanies\HighestPayingCompanies\app\Shared\enum.js.map
C:\Projects\ATH\HighestPayingCompanies\HighestPayingCompanies\app\Shared\global.js
C:\Projects\ATH\HighestPayingCompanies\HighestPayingCompanies\app\Shared\global.js.map
C:\Projects\ATH\HighestPayingCompanies\HighestPayingCompanies\app\components\company.component.js
C:\Projects\ATH\HighestPayingCompanies\HighestPayingCompanies\app\components\company.component.js.map
C:\Projects\ATH\HighestPayingCompanies\HighestPayingCompanies\app\app.routing.js
C:\Projects\ATH\HighestPayingCompanies\HighestPayingCompanies\app\app.routing.js.map
C:\Projects\ATH\HighestPayingCompanies\HighestPayingCompanies\app\app.module.js
C:\Projects\ATH\HighestPayingCompanies\HighestPayingCompanies\app\app.module.js.map
C:\Projects\ATH\HighestPayingCompanies\HighestPayingCompanies\app\main.js
C:\Projects\ATH\HighestPayingCompanies\HighestPayingCompanies\app\main.js.map
C:\Projects\ATH\HighestPayingCompanies\HighestPayingCompanies\app\Models\employee.js
C:\Projects\ATH\HighestPayingCompanies\HighestPayingCompanies\app\Models\employee.js.map
C:\Projects\ATH\HighestPayingCompanies\HighestPayingCompanies\app\app.component.js
C:\Projects\ATH\HighestPayingCompanies\HighestPayingCompanies\app\app.component.js.map
C:\Projects\ATH\HighestPayingCompanies\HighestPayingCompanies\app\components\home.component.js
C:\Projects\ATH\HighestPayingCompanies\HighestPayingCompanies\app\components\home.component.js.map
C:\Projects\ATH\HighestPayingCompanies\HighestPayingCompanies\app\Services\company.service.js
C:\Projects\ATH\HighestPayingCompanies\HighestPayingCompanies\app\Services\company.service.js.map
C:\Projects\ATH\HighestPayingCompanies\HighestPayingCompanies\app\Models\company.js
C:\Projects\ATH\HighestPayingCompanies\HighestPayingCompanies\app\Models\company.js.map
C:\Projects\ATH\HighestPayingCompanies\HighestPayingCompanies\app\Shared\enum.js
C:\Projects\ATH\HighestPayingCompanies\HighestPayingCompanies\app\Shared\enum.js.map
C:\Projects\ATH\HighestPayingCompanies\HighestPayingCompanies\app\Shared\global.js
C:\Projects\ATH\HighestPayingCompanies\HighestPayingCompanies\app\Shared\global.js.map
C:\Projects\ATH\HighestPayingCompanies\HighestPayingCompanies\app\components\company.component.js
C:\Projects\ATH\HighestPayingCompanies\HighestPayingCompanies\app\components\company.component.js.map
C:\Projects\ATH\HighestPayingCompanies\HighestPayingCompanies\app\app.routing.js
C:\Projects\ATH\HighestPayingCompanies\HighestPayingCompanies\app\app.routing.js.map
C:\Projects\ATH\HighestPayingCompanies\HighestPayingCompanies\app\app.module.js
C:\Projects\ATH\HighestPayingCompanies\HighestPayingCompanies\app\app.module.js.map
C:\Projects\ATH\HighestPayingCompanies\HighestPayingCompanies\app\main.js
C:\Projects\ATH\HighestPayingCompanies\HighestPayingCompanies\app\main.js.map
C:\Projects\ATH\HighestPayingCompanies\HighestPayingCompanies\app\Models\employee.js
C:\Projects\ATH\HighestPayingCompanies\HighestPayingCompanies\app\Models\employee.js.map
C:\Projects\ATH\HighestPayingCompanies\HighestPayingCompanies\app\app.component.js
C:\Projects\ATH\HighestPayingCompanies\HighestPayingCompanies\app\app.component.js.map
C:\Projects\ATH\HighestPayingCompanies\HighestPayingCompanies\app\components\home.component.js
C:\Projects\ATH\HighestPayingCompanies\HighestPayingCompanies\app\components\home.component.js.map
C:\Projects\ATH\HighestPayingCompanies\HighestPayingCompanies\app\Services\company.service.js
C:\Projects\ATH\HighestPayingCompanies\HighestPayingCompanies\app\Services\company.service.js.map
C:\Projects\ATH\HighestPayingCompanies\HighestPayingCompanies\app\Models\company.js
C:\Projects\ATH\HighestPayingCompanies\HighestPayingCompanies\app\Models\company.js.map
C:\Projects\ATH\HighestPayingCompanies\HighestPayingCompanies\app\Shared\enum.js
C:\Projects\ATH\HighestPayingCompanies\HighestPayingCompanies\app\Shared\enum.js.map
C:\Projects\ATH\HighestPayingCompanies\HighestPayingCompanies\app\Shared\global.js
C:\Projects\ATH\HighestPayingCompanies\HighestPayingCompanies\app\Shared\global.js.map
C:\Projects\ATH\HighestPayingCompanies\HighestPayingCompanies\app\components\company.component.js
C:\Projects\ATH\HighestPayingCompanies\HighestPayingCompanies\app\components\company.component.js.map
C:\Projects\ATH\HighestPayingCompanies\HighestPayingCompanies\app\app.routing.js
C:\Projects\ATH\HighestPayingCompanies\HighestPayingCompanies\app\app.routing.js.map
C:\Projects\ATH\HighestPayingCompanies\HighestPayingCompanies\app\app.module.js
C:\Projects\ATH\HighestPayingCompanies\HighestPayingCompanies\app\app.module.js.map
C:\Projects\ATH\HighestPayingCompanies\HighestPayingCompanies\app\main.js
C:\Projects\ATH\HighestPayingCompanies\HighestPayingCompanies\app\main.js.map
C:\Projects\ATH\HighestPayingCompanies\HighestPayingCompanies\app\Models\employee.js
C:\Projects\ATH\HighestPayingCompanies\HighestPayingCompanies\app\Models\employee.js.map
C:\Projects\ATH\HighestPayingCompanies\HighestPayingCompanies\app\app.component.js
C:\Projects\ATH\HighestPayingCompanies\HighestPayingCompanies\app\app.component.js.map
C:\Projects\ATH\HighestPayingCompanies\HighestPayingCompanies\app\components\home.component.js
C:\Projects\ATH\HighestPayingCompanies\HighestPayingCompanies\app\components\home.component.js.map
C:\Projects\ATH\HighestPayingCompanies\HighestPayingCompanies\app\Services\company.service.js
C:\Projects\ATH\HighestPayingCompanies\HighestPayingCompanies\app\Services\company.service.js.map
C:\Projects\ATH\HighestPayingCompanies\HighestPayingCompanies\app\Models\company.js
C:\Projects\ATH\HighestPayingCompanies\HighestPayingCompanies\app\Models\company.js.map
C:\Projects\ATH\HighestPayingCompanies\HighestPayingCompanies\app\Shared\enum.js
C:\Projects\ATH\HighestPayingCompanies\HighestPayingCompanies\app\Shared\enum.js.map
C:\Projects\ATH\HighestPayingCompanies\HighestPayingCompanies\app\Shared\global.js
C:\Projects\ATH\HighestPayingCompanies\HighestPayingCompanies\app\Shared\global.js.map
C:\Projects\ATH\HighestPayingCompanies\HighestPayingCompanies\app\components\company.component.js
C:\Projects\ATH\HighestPayingCompanies\HighestPayingCompanies\app\components\company.component.js.map
C:\Projects\ATH\HighestPayingCompanies\HighestPayingCompanies\app\app.routing.js
C:\Projects\ATH\HighestPayingCompanies\HighestPayingCompanies\app\app.routing.js.map
C:\Projects\ATH\HighestPayingCompanies\HighestPayingCompanies\app\app.module.js
C:\Projects\ATH\HighestPayingCompanies\HighestPayingCompanies\app\app.module.js.map
C:\Projects\ATH\HighestPayingCompanies\HighestPayingCompanies\app\main.js
C:\Projects\ATH\HighestPayingCompanies\HighestPayingCompanies\app\main.js.map
C:\Projects\ATH\HighestPayingCompanies\HighestPayingCompanies\app\Models\employee.js
C:\Projects\ATH\HighestPayingCompanies\HighestPayingCompanies\app\Models\employee.js.map
C:\Projects\ATH\HighestPayingCompanies\HighestPayingCompanies\app\app.component.js
C:\Projects\ATH\HighestPayingCompanies\HighestPayingCompanies\app\app.component.js.map
C:\Projects\ATH\HighestPayingCompanies\HighestPayingCompanies\app\components\home.component.js
C:\Projects\ATH\HighestPayingCompanies\HighestPayingCompanies\app\components\home.component.js.map
C:\Projects\ATH\HighestPayingCompanies\HighestPayingCompanies\app\Services\company.service.js
C:\Projects\ATH\HighestPayingCompanies\HighestPayingCompanies\app\Services\company.service.js.map
C:\Projects\ATH\HighestPayingCompanies\HighestPayingCompanies\app\Models\company.js
C:\Projects\ATH\HighestPayingCompanies\HighestPayingCompanies\app\Models\company.js.map
C:\Projects\ATH\HighestPayingCompanies\HighestPayingCompanies\app\Shared\enum.js
C:\Projects\ATH\HighestPayingCompanies\HighestPayingCompanies\app\Shared\enum.js.map
C:\Projects\ATH\HighestPayingCompanies\HighestPayingCompanies\app\Shared\global.js
C:\Projects\ATH\HighestPayingCompanies\HighestPayingCompanies\app\Shared\global.js.map
C:\Projects\ATH\HighestPayingCompanies\HighestPayingCompanies\app\components\company.component.js
C:\Projects\ATH\HighestPayingCompanies\HighestPayingCompanies\app\components\company.component.js.map
C:\Projects\ATH\HighestPayingCompanies\HighestPayingCompanies\app\app.routing.js
C:\Projects\ATH\HighestPayingCompanies\HighestPayingCompanies\app\app.routing.js.map
C:\Projects\ATH\HighestPayingCompanies\HighestPayingCompanies\app\app.module.js
C:\Projects\ATH\HighestPayingCompanies\HighestPayingCompanies\app\app.module.js.map
C:\Projects\ATH\HighestPayingCompanies\HighestPayingCompanies\app\main.js
C:\Projects\ATH\HighestPayingCompanies\HighestPayingCompanies\app\main.js.map
C:\Projects\ATH\HighestPayingCompanies\HighestPayingCompanies\app\Models\employee.js
C:\Projects\ATH\HighestPayingCompanies\HighestPayingCompanies\app\Models\employee.js.map
C:\Projects\ATH\HighestPayingCompanies\HighestPayingCompanies\app\app.component.js
C:\Projects\ATH\HighestPayingCompanies\HighestPayingCompanies\app\app.component.js.map
C:\Projects\ATH\HighestPayingCompanies\HighestPayingCompanies\app\components\home.component.js
C:\Projects\ATH\HighestPayingCompanies\HighestPayingCompanies\app\components\home.component.js.map
C:\Projects\ATH\HighestPayingCompanies\HighestPayingCompanies\app\Services\company.service.js
C:\Projects\ATH\HighestPayingCompanies\HighestPayingCompanies\app\Services\company.service.js.map
C:\Projects\ATH\HighestPayingCompanies\HighestPayingCompanies\app\Models\company.js
C:\Projects\ATH\HighestPayingCompanies\HighestPayingCompanies\app\Models\company.js.map
C:\Projects\ATH\HighestPayingCompanies\HighestPayingCompanies\app\Shared\enum.js
C:\Projects\ATH\HighestPayingCompanies\HighestPayingCompanies\app\Shared\enum.js.map
C:\Projects\ATH\HighestPayingCompanies\HighestPayingCompanies\app\Shared\global.js
C:\Projects\ATH\HighestPayingCompanies\HighestPayingCompanies\app\Shared\global.js.map
C:\Projects\ATH\HighestPayingCompanies\HighestPayingCompanies\app\components\company.component.js
C:\Projects\ATH\HighestPayingCompanies\HighestPayingCompanies\app\components\company.component.js.map
C:\Projects\ATH\HighestPayingCompanies\HighestPayingCompanies\app\app.routing.js
C:\Projects\ATH\HighestPayingCompanies\HighestPayingCompanies\app\app.routing.js.map
C:\Projects\ATH\HighestPayingCompanies\HighestPayingCompanies\app\app.module.js
C:\Projects\ATH\HighestPayingCompanies\HighestPayingCompanies\app\app.module.js.map
C:\Projects\ATH\HighestPayingCompanies\HighestPayingCompanies\app\main.js
C:\Projects\ATH\HighestPayingCompanies\HighestPayingCompanies\app\main.js.map
C:\Projects\ATH\HighestPayingCompanies\HighestPayingCompanies\app\Models\employee.js
C:\Projects\ATH\HighestPayingCompanies\HighestPayingCompanies\app\Models\employee.js.map
C:\Projects\ATH\HighestPayingCompanies\HighestPayingCompanies\app\app.component.js
C:\Projects\ATH\HighestPayingCompanies\HighestPayingCompanies\app\app.component.js.map
C:\Projects\ATH\HighestPayingCompanies\HighestPayingCompanies\app\components\home.component.js
C:\Projects\ATH\HighestPayingCompanies\HighestPayingCompanies\app\components\home.component.js.map
C:\Projects\ATH\HighestPayingCompanies\HighestPayingCompanies\app\Services\data.service.js
C:\Projects\ATH\HighestPayingCompanies\HighestPayingCompanies\app\Services\data.service.js.map
C:\Projects\ATH\HighestPayingCompanies\HighestPayingCompanies\app\Models\company.js
C:\Projects\ATH\HighestPayingCompanies\HighestPayingCompanies\app\Models\company.js.map
C:\Projects\ATH\HighestPayingCompanies\HighestPayingCompanies\app\Shared\enum.js
C:\Projects\ATH\HighestPayingCompanies\HighestPayingCompanies\app\Shared\enum.js.map
C:\Projects\ATH\HighestPayingCompanies\HighestPayingCompanies\app\Shared\global.js
C:\Projects\ATH\HighestPayingCompanies\HighestPayingCompanies\app\Shared\global.js.map
C:\Projects\ATH\HighestPayingCompanies\HighestPayingCompanies\app\components\company.component.js
C:\Projects\ATH\HighestPayingCompanies\HighestPayingCompanies\app\components\company.component.js.map
C:\Projects\ATH\HighestPayingCompanies\HighestPayingCompanies\app\app.routing.js
C:\Projects\ATH\HighestPayingCompanies\HighestPayingCompanies\app\app.routing.js.map
C:\Projects\ATH\HighestPayingCompanies\HighestPayingCompanies\app\app.module.js
C:\Projects\ATH\HighestPayingCompanies\HighestPayingCompanies\app\app.module.js.map
C:\Projects\ATH\HighestPayingCompanies\HighestPayingCompanies\app\main.js
C:\Projects\ATH\HighestPayingCompanies\HighestPayingCompanies\app\main.js.map
C:\Projects\ATH\HighestPayingCompanies\HighestPayingCompanies\app\Models\employee.js
C:\Projects\ATH\HighestPayingCompanies\HighestPayingCompanies\app\Models\employee.js.map
C:\Projects\ATH\HighestPayingCompanies\HighestPayingCompanies\app\app.component.js
C:\Projects\ATH\HighestPayingCompanies\HighestPayingCompanies\app\app.component.js.map
C:\Projects\ATH\HighestPayingCompanies\HighestPayingCompanies\app\components\home.component.js
C:\Projects\ATH\HighestPayingCompanies\HighestPayingCompanies\app\components\home.component.js.map
C:\Projects\ATH\HighestPayingCompanies\HighestPayingCompanies\app\Services\data.service.js
C:\Projects\ATH\HighestPayingCompanies\HighestPayingCompanies\app\Services\data.service.js.map
C:\Projects\ATH\HighestPayingCompanies\HighestPayingCompanies\app\Models\company.js
C:\Projects\ATH\HighestPayingCompanies\HighestPayingCompanies\app\Models\company.js.map
C:\Projects\ATH\HighestPayingCompanies\HighestPayingCompanies\app\Shared\enum.js
C:\Projects\ATH\HighestPayingCompanies\HighestPayingCompanies\app\Shared\enum.js.map
C:\Projects\ATH\HighestPayingCompanies\HighestPayingCompanies\app\Shared\global.js
C:\Projects\ATH\HighestPayingCompanies\HighestPayingCompanies\app\Shared\global.js.map
C:\Projects\ATH\HighestPayingCompanies\HighestPayingCompanies\app\components\company.component.js
C:\Projects\ATH\HighestPayingCompanies\HighestPayingCompanies\app\components\company.component.js.map
C:\Projects\ATH\HighestPayingCompanies\HighestPayingCompanies\app\app.routing.js
C:\Projects\ATH\HighestPayingCompanies\HighestPayingCompanies\app\app.routing.js.map
C:\Projects\ATH\HighestPayingCompanies\HighestPayingCompanies\app\app.module.js
C:\Projects\ATH\HighestPayingCompanies\HighestPayingCompanies\app\app.module.js.map
C:\Projects\ATH\HighestPayingCompanies\HighestPayingCompanies\app\main.js
C:\Projects\ATH\HighestPayingCompanies\HighestPayingCompanies\app\main.js.map
C:\Projects\ATH\HighestPayingCompanies\HighestPayingCompanies\app\Models\employee.js
C:\Projects\ATH\HighestPayingCompanies\HighestPayingCompanies\app\Models\employee.js.map
C:\Projects\ATH\HighestPayingCompanies\HighestPayingCompanies\app\Components\employee.component.js
C:\Projects\ATH\HighestPayingCompanies\HighestPayingCompanies\app\Components\employee.component.js.map
C:\Projects\ATH\HighestPayingCompanies\HighestPayingCompanies\app\app.component.js
C:\Projects\ATH\HighestPayingCompanies\HighestPayingCompanies\app\app.component.js.map
C:\Projects\ATH\HighestPayingCompanies\HighestPayingCompanies\app\components\home.component.js
C:\Projects\ATH\HighestPayingCompanies\HighestPayingCompanies\app\components\home.component.js.map
C:\Projects\ATH\HighestPayingCompanies\HighestPayingCompanies\app\Services\data.service.js
C:\Projects\ATH\HighestPayingCompanies\HighestPayingCompanies\app\Services\data.service.js.map
C:\Projects\ATH\HighestPayingCompanies\HighestPayingCompanies\app\Models\company.js
C:\Projects\ATH\HighestPayingCompanies\HighestPayingCompanies\app\Models\company.js.map
C:\Projects\ATH\HighestPayingCompanies\HighestPayingCompanies\app\Shared\enum.js
C:\Projects\ATH\HighestPayingCompanies\HighestPayingCompanies\app\Shared\enum.js.map
C:\Projects\ATH\HighestPayingCompanies\HighestPayingCompanies\app\Shared\global.js
C:\Projects\ATH\HighestPayingCompanies\HighestPayingCompanies\app\Shared\global.js.map
C:\Projects\ATH\HighestPayingCompanies\HighestPayingCompanies\app\components\company.component.js
C:\Projects\ATH\HighestPayingCompanies\HighestPayingCompanies\app\components\company.component.js.map
C:\Projects\ATH\HighestPayingCompanies\HighestPayingCompanies\app\Models\employee.js
C:\Projects\ATH\HighestPayingCompanies\HighestPayingCompanies\app\Models\employee.js.map
C:\Projects\ATH\HighestPayingCompanies\HighestPayingCompanies\app\components\employee.component.js
C:\Projects\ATH\HighestPayingCompanies\HighestPayingCompanies\app\components\employee.component.js.map
C:\Projects\ATH\HighestPayingCompanies\HighestPayingCompanies\app\app.routing.js
C:\Projects\ATH\HighestPayingCompanies\HighestPayingCompanies\app\app.routing.js.map
C:\Projects\ATH\HighestPayingCompanies\HighestPayingCompanies\app\app.module.js
C:\Projects\ATH\HighestPayingCompanies\HighestPayingCompanies\app\app.module.js.map
C:\Projects\ATH\HighestPayingCompanies\HighestPayingCompanies\app\main.js
C:\Projects\ATH\HighestPayingCompanies\HighestPayingCompanies\app\main.js.map
C:\Projects\ATH\HighestPayingCompanies\HighestPayingCompanies\app\app.component.js
C:\Projects\ATH\HighestPayingCompanies\HighestPayingCompanies\app\app.component.js.map
C:\Projects\ATH\HighestPayingCompanies\HighestPayingCompanies\app\components\home.component.js
C:\Projects\ATH\HighestPayingCompanies\HighestPayingCompanies\app\components\home.component.js.map
C:\Projects\ATH\HighestPayingCompanies\HighestPayingCompanies\app\Services\data.service.js
C:\Projects\ATH\HighestPayingCompanies\HighestPayingCompanies\app\Services\data.service.js.map
C:\Projects\ATH\HighestPayingCompanies\HighestPayingCompanies\app\Models\company.js
C:\Projects\ATH\HighestPayingCompanies\HighestPayingCompanies\app\Models\company.js.map
C:\Projects\ATH\HighestPayingCompanies\HighestPayingCompanies\app\Shared\enum.js
C:\Projects\ATH\HighestPayingCompanies\HighestPayingCompanies\app\Shared\enum.js.map
C:\Projects\ATH\HighestPayingCompanies\HighestPayingCompanies\app\Shared\global.js
C:\Projects\ATH\HighestPayingCompanies\HighestPayingCompanies\app\Shared\global.js.map
C:\Projects\ATH\HighestPayingCompanies\HighestPayingCompanies\app\components\company.component.js
C:\Projects\ATH\HighestPayingCompanies\HighestPayingCompanies\app\components\company.component.js.map
C:\Projects\ATH\HighestPayingCompanies\HighestPayingCompanies\app\Models\employee.js
C:\Projects\ATH\HighestPayingCompanies\HighestPayingCompanies\app\Models\employee.js.map
C:\Projects\ATH\HighestPayingCompanies\HighestPayingCompanies\app\components\employee.component.js
C:\Projects\ATH\HighestPayingCompanies\HighestPayingCompanies\app\components\employee.component.js.map
C:\Projects\ATH\HighestPayingCompanies\HighestPayingCompanies\app\app.routing.js
C:\Projects\ATH\HighestPayingCompanies\HighestPayingCompanies\app\app.routing.js.map
C:\Projects\ATH\HighestPayingCompanies\HighestPayingCompanies\app\app.module.js
C:\Projects\ATH\HighestPayingCompanies\HighestPayingCompanies\app\app.module.js.map
C:\Projects\ATH\HighestPayingCompanies\HighestPayingCompanies\app\main.js
C:\Projects\ATH\HighestPayingCompanies\HighestPayingCompanies\app\main.js.map
C:\Projects\ATH\HighestPayingCompanies\HighestPayingCompanies\app\app.component.js
C:\Projects\ATH\HighestPayingCompanies\HighestPayingCompanies\app\app.component.js.map
C:\Projects\ATH\HighestPayingCompanies\HighestPayingCompanies\app\components\home.component.js
C:\Projects\ATH\HighestPayingCompanies\HighestPayingCompanies\app\components\home.component.js.map
C:\Projects\ATH\HighestPayingCompanies\HighestPayingCompanies\app\Services\data.service.js
C:\Projects\ATH\HighestPayingCompanies\HighestPayingCompanies\app\Services\data.service.js.map
C:\Projects\ATH\HighestPayingCompanies\HighestPayingCompanies\app\Models\company.js
C:\Projects\ATH\HighestPayingCompanies\HighestPayingCompanies\app\Models\company.js.map
C:\Projects\ATH\HighestPayingCompanies\HighestPayingCompanies\app\Shared\enum.js
C:\Projects\ATH\HighestPayingCompanies\HighestPayingCompanies\app\Shared\enum.js.map
C:\Projects\ATH\HighestPayingCompanies\HighestPayingCompanies\app\Shared\global.js
C:\Projects\ATH\HighestPayingCompanies\HighestPayingCompanies\app\Shared\global.js.map
C:\Projects\ATH\HighestPayingCompanies\HighestPayingCompanies\app\components\company.component.js
C:\Projects\ATH\HighestPayingCompanies\HighestPayingCompanies\app\components\company.component.js.map
C:\Projects\ATH\HighestPayingCompanies\HighestPayingCompanies\app\Models\employee.js
C:\Projects\ATH\HighestPayingCompanies\HighestPayingCompanies\app\Models\employee.js.map
C:\Projects\ATH\HighestPayingCompanies\HighestPayingCompanies\app\components\employee.component.js
C:\Projects\ATH\HighestPayingCompanies\HighestPayingCompanies\app\components\employee.component.js.map
C:\Projects\ATH\HighestPayingCompanies\HighestPayingCompanies\app\app.routing.js
C:\Projects\ATH\HighestPayingCompanies\HighestPayingCompanies\app\app.routing.js.map
C:\Projects\ATH\HighestPayingCompanies\HighestPayingCompanies\app\app.module.js
C:\Projects\ATH\HighestPayingCompanies\HighestPayingCompanies\app\app.module.js.map
C:\Projects\ATH\HighestPayingCompanies\HighestPayingCompanies\app\main.js
C:\Projects\ATH\HighestPayingCompanies\HighestPayingCompanies\app\main.js.map
C:\Projects\ATH\HighestPayingCompanies\HighestPayingCompanies\app\app.component.js
C:\Projects\ATH\HighestPayingCompanies\HighestPayingCompanies\app\app.component.js.map
C:\Projects\ATH\HighestPayingCompanies\HighestPayingCompanies\app\components\home.component.js
C:\Projects\ATH\HighestPayingCompanies\HighestPayingCompanies\app\components\home.component.js.map
C:\Projects\ATH\HighestPayingCompanies\HighestPayingCompanies\app\Services\data.service.js
C:\Projects\ATH\HighestPayingCompanies\HighestPayingCompanies\app\Services\data.service.js.map
C:\Projects\ATH\HighestPayingCompanies\HighestPayingCompanies\app\Models\company.js
C:\Projects\ATH\HighestPayingCompanies\HighestPayingCompanies\app\Models\company.js.map
C:\Projects\ATH\HighestPayingCompanies\HighestPayingCompanies\app\Shared\enum.js
C:\Projects\ATH\HighestPayingCompanies\HighestPayingCompanies\app\Shared\enum.js.map
C:\Projects\ATH\HighestPayingCompanies\HighestPayingCompanies\app\Shared\global.js
C:\Projects\ATH\HighestPayingCompanies\HighestPayingCompanies\app\Shared\global.js.map
C:\Projects\ATH\HighestPayingCompanies\HighestPayingCompanies\app\components\company.component.js
C:\Projects\ATH\HighestPayingCompanies\HighestPayingCompanies\app\components\company.component.js.map
C:\Projects\ATH\HighestPayingCompanies\HighestPayingCompanies\app\Models\employee.js
C:\Projects\ATH\HighestPayingCompanies\HighestPayingCompanies\app\Models\employee.js.map
C:\Projects\ATH\HighestPayingCompanies\HighestPayingCompanies\app\components\employee.component.js
C:\Projects\ATH\HighestPayingCompanies\HighestPayingCompanies\app\components\employee.component.js.map
C:\Projects\ATH\HighestPayingCompanies\HighestPayingCompanies\app\app.routing.js
C:\Projects\ATH\HighestPayingCompanies\HighestPayingCompanies\app\app.routing.js.map
C:\Projects\ATH\HighestPayingCompanies\HighestPayingCompanies\app\app.module.js
C:\Projects\ATH\HighestPayingCompanies\HighestPayingCompanies\app\app.module.js.map
C:\Projects\ATH\HighestPayingCompanies\HighestPayingCompanies\app\main.js
C:\Projects\ATH\HighestPayingCompanies\HighestPayingCompanies\app\main.js.map
C:\Projects\ATH\HighestPayingCompanies\HighestPayingCompanies\app\app.component.js
C:\Projects\ATH\HighestPayingCompanies\HighestPayingCompanies\app\app.component.js.map
C:\Projects\ATH\HighestPayingCompanies\HighestPayingCompanies\app\components\home.component.js
C:\Projects\ATH\HighestPayingCompanies\HighestPayingCompanies\app\components\home.component.js.map
C:\Projects\ATH\HighestPayingCompanies\HighestPayingCompanies\app\Services\data.service.js
C:\Projects\ATH\HighestPayingCompanies\HighestPayingCompanies\app\Services\data.service.js.map
C:\Projects\ATH\HighestPayingCompanies\HighestPayingCompanies\app\Models\company.js
C:\Projects\ATH\HighestPayingCompanies\HighestPayingCompanies\app\Models\company.js.map
C:\Projects\ATH\HighestPayingCompanies\HighestPayingCompanies\app\Shared\enum.js
C:\Projects\ATH\HighestPayingCompanies\HighestPayingCompanies\app\Shared\enum.js.map
C:\Projects\ATH\HighestPayingCompanies\HighestPayingCompanies\app\Shared\global.js
C:\Projects\ATH\HighestPayingCompanies\HighestPayingCompanies\app\Shared\global.js.map
C:\Projects\ATH\HighestPayingCompanies\HighestPayingCompanies\app\components\company.component.js
C:\Projects\ATH\HighestPayingCompanies\HighestPayingCompanies\app\components\company.component.js.map
C:\Projects\ATH\HighestPayingCompanies\HighestPayingCompanies\app\Models\employee.js
C:\Projects\ATH\HighestPayingCompanies\HighestPayingCompanies\app\Models\employee.js.map
C:\Projects\ATH\HighestPayingCompanies\HighestPayingCompanies\app\components\employee.component.js
C:\Projects\ATH\HighestPayingCompanies\HighestPayingCompanies\app\components\employee.component.js.map
C:\Projects\ATH\HighestPayingCompanies\HighestPayingCompanies\app\app.routing.js
C:\Projects\ATH\HighestPayingCompanies\HighestPayingCompanies\app\app.routing.js.map
C:\Projects\ATH\HighestPayingCompanies\HighestPayingCompanies\app\app.module.js
C:\Projects\ATH\HighestPayingCompanies\HighestPayingCompanies\app\app.module.js.map
C:\Projects\ATH\HighestPayingCompanies\HighestPayingCompanies\app\main.js
C:\Projects\ATH\HighestPayingCompanies\HighestPayingCompanies\app\main.js.map
C:\Projects\ATH\HighestPayingCompanies\HighestPayingCompanies\app\app.component.js
C:\Projects\ATH\HighestPayingCompanies\HighestPayingCompanies\app\app.component.js.map
C:\Projects\ATH\HighestPayingCompanies\HighestPayingCompanies\app\components\home.component.js
C:\Projects\ATH\HighestPayingCompanies\HighestPayingCompanies\app\components\home.component.js.map
C:\Projects\ATH\HighestPayingCompanies\HighestPayingCompanies\app\Services\data.service.js
C:\Projects\ATH\HighestPayingCompanies\HighestPayingCompanies\app\Services\data.service.js.map
C:\Projects\ATH\HighestPayingCompanies\HighestPayingCompanies\app\Models\company.js
C:\Projects\ATH\HighestPayingCompanies\HighestPayingCompanies\app\Models\company.js.map
C:\Projects\ATH\HighestPayingCompanies\HighestPayingCompanies\app\Shared\enum.js
C:\Projects\ATH\HighestPayingCompanies\HighestPayingCompanies\app\Shared\enum.js.map
C:\Projects\ATH\HighestPayingCompanies\HighestPayingCompanies\app\Shared\global.js
C:\Projects\ATH\HighestPayingCompanies\HighestPayingCompanies\app\Shared\global.js.map
C:\Projects\ATH\HighestPayingCompanies\HighestPayingCompanies\app\components\company.component.js
C:\Projects\ATH\HighestPayingCompanies\HighestPayingCompanies\app\components\company.component.js.map
C:\Projects\ATH\HighestPayingCompanies\HighestPayingCompanies\app\Models\employee.js
C:\Projects\ATH\HighestPayingCompanies\HighestPayingCompanies\app\Models\employee.js.map
C:\Projects\ATH\HighestPayingCompanies\HighestPayingCompanies\app\components\employee.component.js
C:\Projects\ATH\HighestPayingCompanies\HighestPayingCompanies\app\components\employee.component.js.map
C:\Projects\ATH\HighestPayingCompanies\HighestPayingCompanies\app\app.routing.js
C:\Projects\ATH\HighestPayingCompanies\HighestPayingCompanies\app\app.routing.js.map
C:\Projects\ATH\HighestPayingCompanies\HighestPayingCompanies\app\app.module.js
C:\Projects\ATH\HighestPayingCompanies\HighestPayingCompanies\app\app.module.js.map
C:\Projects\ATH\HighestPayingCompanies\HighestPayingCompanies\app\main.js
C:\Projects\ATH\HighestPayingCompanies\HighestPayingCompanies\app\main.js.map
C:\Projects\ATH\HighestPayingCompanies\HighestPayingCompanies\app\app.component.js
C:\Projects\ATH\HighestPayingCompanies\HighestPayingCompanies\app\app.component.js.map
C:\Projects\ATH\HighestPayingCompanies\HighestPayingCompanies\app\components\home.component.js
C:\Projects\ATH\HighestPayingCompanies\HighestPayingCompanies\app\components\home.component.js.map
C:\Projects\ATH\HighestPayingCompanies\HighestPayingCompanies\app\Services\data.service.js
C:\Projects\ATH\HighestPayingCompanies\HighestPayingCompanies\app\Services\data.service.js.map
C:\Projects\ATH\HighestPayingCompanies\HighestPayingCompanies\app\Models\company.js
C:\Projects\ATH\HighestPayingCompanies\HighestPayingCompanies\app\Models\company.js.map
C:\Projects\ATH\HighestPayingCompanies\HighestPayingCompanies\app\Shared\enum.js
C:\Projects\ATH\HighestPayingCompanies\HighestPayingCompanies\app\Shared\enum.js.map
C:\Projects\ATH\HighestPayingCompanies\HighestPayingCompanies\app\Shared\global.js
C:\Projects\ATH\HighestPayingCompanies\HighestPayingCompanies\app\Shared\global.js.map
C:\Projects\ATH\HighestPayingCompanies\HighestPayingCompanies\app\components\company.component.js
C:\Projects\ATH\HighestPayingCompanies\HighestPayingCompanies\app\components\company.component.js.map
C:\Projects\ATH\HighestPayingCompanies\HighestPayingCompanies\app\Models\employee.js
C:\Projects\ATH\HighestPayingCompanies\HighestPayingCompanies\app\Models\employee.js.map
C:\Projects\ATH\HighestPayingCompanies\HighestPayingCompanies\app\components\employee.component.js
C:\Projects\ATH\HighestPayingCompanies\HighestPayingCompanies\app\components\employee.component.js.map
C:\Projects\ATH\HighestPayingCompanies\HighestPayingCompanies\app\app.routing.js
C:\Projects\ATH\HighestPayingCompanies\HighestPayingCompanies\app\app.routing.js.map
C:\Projects\ATH\HighestPayingCompanies\HighestPayingCompanies\app\app.module.js
C:\Projects\ATH\HighestPayingCompanies\HighestPayingCompanies\app\app.module.js.map
C:\Projects\ATH\HighestPayingCompanies\HighestPayingCompanies\app\main.js
C:\Projects\ATH\HighestPayingCompanies\HighestPayingCompanies\app\main.js.map
C:\Projects\ATH\HighestPayingCompanies\HighestPayingCompanies\app\app.component.js
C:\Projects\ATH\HighestPayingCompanies\HighestPayingCompanies\app\app.component.js.map
C:\Projects\ATH\HighestPayingCompanies\HighestPayingCompanies\app\components\home.component.js
C:\Projects\ATH\HighestPayingCompanies\HighestPayingCompanies\app\components\home.component.js.map
C:\Projects\ATH\HighestPayingCompanies\HighestPayingCompanies\app\Services\data.service.js
C:\Projects\ATH\HighestPayingCompanies\HighestPayingCompanies\app\Services\data.service.js.map
C:\Projects\ATH\HighestPayingCompanies\HighestPayingCompanies\app\Models\company.js
C:\Projects\ATH\HighestPayingCompanies\HighestPayingCompanies\app\Models\company.js.map
C:\Projects\ATH\HighestPayingCompanies\HighestPayingCompanies\app\Shared\enum.js
C:\Projects\ATH\HighestPayingCompanies\HighestPayingCompanies\app\Shared\enum.js.map
C:\Projects\ATH\HighestPayingCompanies\HighestPayingCompanies\app\Shared\global.js
C:\Projects\ATH\HighestPayingCompanies\HighestPayingCompanies\app\Shared\global.js.map
C:\Projects\ATH\HighestPayingCompanies\HighestPayingCompanies\app\components\company.component.js
C:\Projects\ATH\HighestPayingCompanies\HighestPayingCompanies\app\components\company.component.js.map
C:\Projects\ATH\HighestPayingCompanies\HighestPayingCompanies\app\Models\employee.js
C:\Projects\ATH\HighestPayingCompanies\HighestPayingCompanies\app\Models\employee.js.map
C:\Projects\ATH\HighestPayingCompanies\HighestPayingCompanies\app\components\employee.component.js
C:\Projects\ATH\HighestPayingCompanies\HighestPayingCompanies\app\components\employee.component.js.map
C:\Projects\ATH\HighestPayingCompanies\HighestPayingCompanies\app\app.routing.js
C:\Projects\ATH\HighestPayingCompanies\HighestPayingCompanies\app\app.routing.js.map
C:\Projects\ATH\HighestPayingCompanies\HighestPayingCompanies\app\app.module.js
C:\Projects\ATH\HighestPayingCompanies\HighestPayingCompanies\app\app.module.js.map
C:\Projects\ATH\HighestPayingCompanies\HighestPayingCompanies\app\main.js
C:\Projects\ATH\HighestPayingCompanies\HighestPayingCompanies\app\main.js.map
C:\Projects\ATH\HighestPayingCompanies\HighestPayingCompanies\app\app.component.js
C:\Projects\ATH\HighestPayingCompanies\HighestPayingCompanies\app\app.component.js.map
C:\Projects\ATH\HighestPayingCompanies\HighestPayingCompanies\app\components\home.component.js
C:\Projects\ATH\HighestPayingCompanies\HighestPayingCompanies\app\components\home.component.js.map
C:\Projects\ATH\HighestPayingCompanies\HighestPayingCompanies\app\Services\data.service.js
C:\Projects\ATH\HighestPayingCompanies\HighestPayingCompanies\app\Services\data.service.js.map
C:\Projects\ATH\HighestPayingCompanies\HighestPayingCompanies\app\Models\company.js
C:\Projects\ATH\HighestPayingCompanies\HighestPayingCompanies\app\Models\company.js.map
C:\Projects\ATH\HighestPayingCompanies\HighestPayingCompanies\app\Shared\enum.js
C:\Projects\ATH\HighestPayingCompanies\HighestPayingCompanies\app\Shared\enum.js.map
C:\Projects\ATH\HighestPayingCompanies\HighestPayingCompanies\app\Shared\global.js
C:\Projects\ATH\HighestPayingCompanies\HighestPayingCompanies\app\Shared\global.js.map
C:\Projects\ATH\HighestPayingCompanies\HighestPayingCompanies\app\components\company.component.js
C:\Projects\ATH\HighestPayingCompanies\HighestPayingCompanies\app\components\company.component.js.map
C:\Projects\ATH\HighestPayingCompanies\HighestPayingCompanies\app\Models\employee.js
C:\Projects\ATH\HighestPayingCompanies\HighestPayingCompanies\app\Models\employee.js.map
C:\Projects\ATH\HighestPayingCompanies\HighestPayingCompanies\app\components\employee.component.js
C:\Projects\ATH\HighestPayingCompanies\HighestPayingCompanies\app\components\employee.component.js.map
C:\Projects\ATH\HighestPayingCompanies\HighestPayingCompanies\app\app.routing.js
C:\Projects\ATH\HighestPayingCompanies\HighestPayingCompanies\app\app.routing.js.map
C:\Projects\ATH\HighestPayingCompanies\HighestPayingCompanies\app\app.module.js
C:\Projects\ATH\HighestPayingCompanies\HighestPayingCompanies\app\app.module.js.map
C:\Projects\ATH\HighestPayingCompanies\HighestPayingCompanies\app\main.js
C:\Projects\ATH\HighestPayingCompanies\HighestPayingCompanies\app\main.js.map
C:\Projects\ATH\HighestPayingCompanies\HighestPayingCompanies\app\app.component.js
C:\Projects\ATH\HighestPayingCompanies\HighestPayingCompanies\app\app.component.js.map
C:\Projects\ATH\HighestPayingCompanies\HighestPayingCompanies\app\components\home.component.js
C:\Projects\ATH\HighestPayingCompanies\HighestPayingCompanies\app\components\home.component.js.map
C:\Projects\ATH\HighestPayingCompanies\HighestPayingCompanies\app\Services\data.service.js
C:\Projects\ATH\HighestPayingCompanies\HighestPayingCompanies\app\Services\data.service.js.map
C:\Projects\ATH\HighestPayingCompanies\HighestPayingCompanies\app\Models\company.js
C:\Projects\ATH\HighestPayingCompanies\HighestPayingCompanies\app\Models\company.js.map
C:\Projects\ATH\HighestPayingCompanies\HighestPayingCompanies\app\Shared\enum.js
C:\Projects\ATH\HighestPayingCompanies\HighestPayingCompanies\app\Shared\enum.js.map
C:\Projects\ATH\HighestPayingCompanies\HighestPayingCompanies\app\Shared\global.js
C:\Projects\ATH\HighestPayingCompanies\HighestPayingCompanies\app\Shared\global.js.map
C:\Projects\ATH\HighestPayingCompanies\HighestPayingCompanies\app\components\company.component.js
C:\Projects\ATH\HighestPayingCompanies\HighestPayingCompanies\app\components\company.component.js.map
C:\Projects\ATH\HighestPayingCompanies\HighestPayingCompanies\app\Models\employee.js
C:\Projects\ATH\HighestPayingCompanies\HighestPayingCompanies\app\Models\employee.js.map
C:\Projects\ATH\HighestPayingCompanies\HighestPayingCompanies\app\components\employee.component.js
C:\Projects\ATH\HighestPayingCompanies\HighestPayingCompanies\app\components\employee.component.js.map
C:\Projects\ATH\HighestPayingCompanies\HighestPayingCompanies\app\app.routing.js
C:\Projects\ATH\HighestPayingCompanies\HighestPayingCompanies\app\app.routing.js.map
C:\Projects\ATH\HighestPayingCompanies\HighestPayingCompanies\app\app.module.js
C:\Projects\ATH\HighestPayingCompanies\HighestPayingCompanies\app\app.module.js.map
C:\Projects\ATH\HighestPayingCompanies\HighestPayingCompanies\app\main.js
C:\Projects\ATH\HighestPayingCompanies\HighestPayingCompanies\app\main.js.map
C:\Projects\ATH\HighestPayingCompanies\HighestPayingCompanies\app\app.component.js
C:\Projects\ATH\HighestPayingCompanies\HighestPayingCompanies\app\app.component.js.map
C:\Projects\ATH\HighestPayingCompanies\HighestPayingCompanies\app\components\home.component.js
C:\Projects\ATH\HighestPayingCompanies\HighestPayingCompanies\app\components\home.component.js.map
C:\Projects\ATH\HighestPayingCompanies\HighestPayingCompanies\app\Services\data.service.js
C:\Projects\ATH\HighestPayingCompanies\HighestPayingCompanies\app\Services\data.service.js.map
C:\Projects\ATH\HighestPayingCompanies\HighestPayingCompanies\app\Models\company.js
C:\Projects\ATH\HighestPayingCompanies\HighestPayingCompanies\app\Models\company.js.map
C:\Projects\ATH\HighestPayingCompanies\HighestPayingCompanies\app\Shared\enum.js
C:\Projects\ATH\HighestPayingCompanies\HighestPayingCompanies\app\Shared\enum.js.map
C:\Projects\ATH\HighestPayingCompanies\HighestPayingCompanies\app\Shared\global.js
C:\Projects\ATH\HighestPayingCompanies\HighestPayingCompanies\app\Shared\global.js.map
C:\Projects\ATH\HighestPayingCompanies\HighestPayingCompanies\app\components\company.component.js
C:\Projects\ATH\HighestPayingCompanies\HighestPayingCompanies\app\components\company.component.js.map
C:\Projects\ATH\HighestPayingCompanies\HighestPayingCompanies\app\Models\employee.js
C:\Projects\ATH\HighestPayingCompanies\HighestPayingCompanies\app\Models\employee.js.map
C:\Projects\ATH\HighestPayingCompanies\HighestPayingCompanies\app\components\employee.component.js
C:\Projects\ATH\HighestPayingCompanies\HighestPayingCompanies\app\components\employee.component.js.map
C:\Projects\ATH\HighestPayingCompanies\HighestPayingCompanies\app\app.routing.js
C:\Projects\ATH\HighestPayingCompanies\HighestPayingCompanies\app\app.routing.js.map
C:\Projects\ATH\HighestPayingCompanies\HighestPayingCompanies\app\app.module.js
C:\Projects\ATH\HighestPayingCompanies\HighestPayingCompanies\app\app.module.js.map
C:\Projects\ATH\HighestPayingCompanies\HighestPayingCompanies\app\main.js
C:\Projects\ATH\HighestPayingCompanies\HighestPayingCompanies\app\main.js.map
C:\Projects\ATH\HighestPayingCompanies\HighestPayingCompanies\app\app.component.js
C:\Projects\ATH\HighestPayingCompanies\HighestPayingCompanies\app\app.component.js.map
C:\Projects\ATH\HighestPayingCompanies\HighestPayingCompanies\app\components\home.component.js
C:\Projects\ATH\HighestPayingCompanies\HighestPayingCompanies\app\components\home.component.js.map
C:\Projects\ATH\HighestPayingCompanies\HighestPayingCompanies\app\Services\data.service.js
C:\Projects\ATH\HighestPayingCompanies\HighestPayingCompanies\app\Services\data.service.js.map
C:\Projects\ATH\HighestPayingCompanies\HighestPayingCompanies\app\Models\company.js
C:\Projects\ATH\HighestPayingCompanies\HighestPayingCompanies\app\Models\company.js.map
C:\Projects\ATH\HighestPayingCompanies\HighestPayingCompanies\app\Shared\enum.js
C:\Projects\ATH\HighestPayingCompanies\HighestPayingCompanies\app\Shared\enum.js.map
C:\Projects\ATH\HighestPayingCompanies\HighestPayingCompanies\app\Shared\global.js
C:\Projects\ATH\HighestPayingCompanies\HighestPayingCompanies\app\Shared\global.js.map
C:\Projects\ATH\HighestPayingCompanies\HighestPayingCompanies\app\components\company.component.js
C:\Projects\ATH\HighestPayingCompanies\HighestPayingCompanies\app\components\company.component.js.map
C:\Projects\ATH\HighestPayingCompanies\HighestPayingCompanies\app\Models\employee.js
C:\Projects\ATH\HighestPayingCompanies\HighestPayingCompanies\app\Models\employee.js.map
C:\Projects\ATH\HighestPayingCompanies\HighestPayingCompanies\app\components\employee.component.js
C:\Projects\ATH\HighestPayingCompanies\HighestPayingCompanies\app\components\employee.component.js.map
C:\Projects\ATH\HighestPayingCompanies\HighestPayingCompanies\app\app.routing.js
C:\Projects\ATH\HighestPayingCompanies\HighestPayingCompanies\app\app.routing.js.map
C:\Projects\ATH\HighestPayingCompanies\HighestPayingCompanies\app\app.module.js
C:\Projects\ATH\HighestPayingCompanies\HighestPayingCompanies\app\app.module.js.map
C:\Projects\ATH\HighestPayingCompanies\HighestPayingCompanies\app\main.js
C:\Projects\ATH\HighestPayingCompanies\HighestPayingCompanies\app\main.js.map
C:\Projects\ATH\HighestPayingCompanies\HighestPayingCompanies\app\app.component.js
C:\Projects\ATH\HighestPayingCompanies\HighestPayingCompanies\app\app.component.js.map
C:\Projects\ATH\HighestPayingCompanies\HighestPayingCompanies\app\components\home.component.js
C:\Projects\ATH\HighestPayingCompanies\HighestPayingCompanies\app\components\home.component.js.map
C:\Projects\ATH\HighestPayingCompanies\HighestPayingCompanies\app\Services\data.service.js
C:\Projects\ATH\HighestPayingCompanies\HighestPayingCompanies\app\Services\data.service.js.map
C:\Projects\ATH\HighestPayingCompanies\HighestPayingCompanies\app\Models\company.js
C:\Projects\ATH\HighestPayingCompanies\HighestPayingCompanies\app\Models\company.js.map
C:\Projects\ATH\HighestPayingCompanies\HighestPayingCompanies\app\Shared\enum.js
C:\Projects\ATH\HighestPayingCompanies\HighestPayingCompanies\app\Shared\enum.js.map
C:\Projects\ATH\HighestPayingCompanies\HighestPayingCompanies\app\Shared\global.js
C:\Projects\ATH\HighestPayingCompanies\HighestPayingCompanies\app\Shared\global.js.map
C:\Projects\ATH\HighestPayingCompanies\HighestPayingCompanies\app\components\company.component.js
C:\Projects\ATH\HighestPayingCompanies\HighestPayingCompanies\app\components\company.component.js.map
C:\Projects\ATH\HighestPayingCompanies\HighestPayingCompanies\app\Models\employee.js
C:\Projects\ATH\HighestPayingCompanies\HighestPayingCompanies\app\Models\employee.js.map
C:\Projects\ATH\HighestPayingCompanies\HighestPayingCompanies\app\components\employee.component.js
C:\Projects\ATH\HighestPayingCompanies\HighestPayingCompanies\app\components\employee.component.js.map
C:\Projects\ATH\HighestPayingCompanies\HighestPayingCompanies\app\app.routing.js
C:\Projects\ATH\HighestPayingCompanies\HighestPayingCompanies\app\app.routing.js.map
C:\Projects\ATH\HighestPayingCompanies\HighestPayingCompanies\app\app.module.js
C:\Projects\ATH\HighestPayingCompanies\HighestPayingCompanies\app\app.module.js.map
C:\Projects\ATH\HighestPayingCompanies\HighestPayingCompanies\app\main.js
C:\Projects\ATH\HighestPayingCompanies\HighestPayingCompanies\app\main.js.map
C:\Projects\ATH\HighestPayingCompanies\HighestPayingCompanies\app\app.component.js
C:\Projects\ATH\HighestPayingCompanies\HighestPayingCompanies\app\app.component.js.map
C:\Projects\ATH\HighestPayingCompanies\HighestPayingCompanies\app\components\home.component.js
C:\Projects\ATH\HighestPayingCompanies\HighestPayingCompanies\app\components\home.component.js.map
C:\Projects\ATH\HighestPayingCompanies\HighestPayingCompanies\app\Services\data.service.js
C:\Projects\ATH\HighestPayingCompanies\HighestPayingCompanies\app\Services\data.service.js.map
C:\Projects\ATH\HighestPayingCompanies\HighestPayingCompanies\app\Models\company.js
C:\Projects\ATH\HighestPayingCompanies\HighestPayingCompanies\app\Models\company.js.map
C:\Projects\ATH\HighestPayingCompanies\HighestPayingCompanies\app\Shared\enum.js
C:\Projects\ATH\HighestPayingCompanies\HighestPayingCompanies\app\Shared\enum.js.map
C:\Projects\ATH\HighestPayingCompanies\HighestPayingCompanies\app\Shared\global.js
C:\Projects\ATH\HighestPayingCompanies\HighestPayingCompanies\app\Shared\global.js.map
C:\Projects\ATH\HighestPayingCompanies\HighestPayingCompanies\app\components\company.component.js
C:\Projects\ATH\HighestPayingCompanies\HighestPayingCompanies\app\components\company.component.js.map
C:\Projects\ATH\HighestPayingCompanies\HighestPayingCompanies\app\Models\employee.js
C:\Projects\ATH\HighestPayingCompanies\HighestPayingCompanies\app\Models\employee.js.map
C:\Projects\ATH\HighestPayingCompanies\HighestPayingCompanies\app\components\employee.component.js
C:\Projects\ATH\HighestPayingCompanies\HighestPayingCompanies\app\components\employee.component.js.map
C:\Projects\ATH\HighestPayingCompanies\HighestPayingCompanies\app\app.routing.js
C:\Projects\ATH\HighestPayingCompanies\HighestPayingCompanies\app\app.routing.js.map
C:\Projects\ATH\HighestPayingCompanies\HighestPayingCompanies\app\app.module.js
C:\Projects\ATH\HighestPayingCompanies\HighestPayingCompanies\app\app.module.js.map
C:\Projects\ATH\HighestPayingCompanies\HighestPayingCompanies\app\main.js
C:\Projects\ATH\HighestPayingCompanies\HighestPayingCompanies\app\main.js.map
